#
# There is insufficient memory for the Java Runtime Environment to continue.
# Native memory allocation (mmap) failed to map 398458880 bytes for G1 virtual space
# Possible reasons:
#   The system is out of physical RAM or swap space
#   The process is running with CompressedOops enabled, and the Java Heap may be blocking the growth of the native heap
# Possible solutions:
#   Reduce memory load on the system
#   Increase physical memory or swap space
#   Check if swap backing store is full
#   Decrease Java heap size (-Xmx/-Xms)
#   Decrease number of Java threads
#   Decrease Java thread stack sizes (-Xss)
#   Set larger code cache with -XX:ReservedCodeCacheSize=
#   JVM is running with Zero Based Compressed Oops mode in which the Java heap is
#     placed in the first 32GB address space. The Java Heap base address is the
#     maximum limit for the native heap growth. Please use -XX:HeapBaseMinAddress
#     to set the Java Heap base and to place the Java Heap above 32GB virtual address.
# This output file may be truncated or incomplete.
#
#  Out of Memory Error (os_windows.cpp:3550), pid=3396, tid=43092
#
# JRE version:  (17.0.8+9) (build )
# Java VM: Java HotSpot(TM) 64-Bit Server VM (17.0.8+9-LTS-211, mixed mode, sharing, tiered, compressed oops, compressed class ptrs, g1 gc, windows-amd64)
# No core dump will be written. Minidumps are not enabled by default on client versions of Windows
#

---------------  S U M M A R Y ------------

Command Line: -Dnet.bytebuddy.agent.attacher.dump= net.bytebuddy.agent.Attacher com.sun.tools.attach.VirtualMachine 42976 C:\Users\PLA30\.gradle\caches\modules-2\files-2.1\net.bytebuddy\byte-buddy-agent\1.14.17\e3c251a39dc90badaf71c83427ba46840f219d8d\byte-buddy-agent-1.14.17.jar false 

Host: 13th Gen Intel(R) Core(TM) i7-13650HX, 20 cores, 23G,  Windows 11 , 64 bit Build 26100 (10.0.26100.7309)
Time: Sun Dec 21 16:22:52 2025  Windows 11 , 64 bit Build 26100 (10.0.26100.7309) elapsed time: 1.331185 seconds (0d 0h 0m 1s)

---------------  T H R E A D  ---------------

Current thread (0x000002085c2c03e0):  JavaThread "Unknown thread" [_thread_in_vm, id=43092, stack(0x000000c7c1f00000,0x000000c7c2000000)]

Stack: [0x000000c7c1f00000,0x000000c7c2000000]
Native frames: (J=compiled Java code, j=interpreted, Vv=VM code, C=native code)
V  [jvm.dll+0x677d0a]
V  [jvm.dll+0x7d8c54]
V  [jvm.dll+0x7da3fe]
V  [jvm.dll+0x7daa63]
V  [jvm.dll+0x245c5f]
V  [jvm.dll+0x674bb9]
V  [jvm.dll+0x6694f2]
V  [jvm.dll+0x3031d6]
V  [jvm.dll+0x30a756]
V  [jvm.dll+0x359f9e]
V  [jvm.dll+0x35a1cf]
V  [jvm.dll+0x2da3e8]
V  [jvm.dll+0x2db354]
V  [jvm.dll+0x7aa711]
V  [jvm.dll+0x367b51]
V  [jvm.dll+0x789979]
V  [jvm.dll+0x3eb05f]
V  [jvm.dll+0x3ecae1]
C  [jli.dll+0x5297]
C  [ucrtbase.dll+0x37b0]
C  [KERNEL32.DLL+0x2e8d7]
C  [ntdll.dll+0x8c53c]


---------------  P R O C E S S  ---------------

Threads class SMR info:
_java_thread_list=0x00007ff9166559d8, length=0, elements={
}

Java Threads: ( => current thread )

Other Threads:
  0x000002085c3493f0 GCTaskThread "GC Thread#0" [stack: 0x000000c7c2000000,0x000000c7c2100000] [id=37308]
  0x000002085c357de0 ConcurrentGCThread "G1 Main Marker" [stack: 0x000000c7c2100000,0x000000c7c2200000] [id=30168]
  0x000002085c3587f0 ConcurrentGCThread "G1 Conc#0" [stack: 0x000000c7c2200000,0x000000c7c2300000] [id=31548]

[error occurred during error reporting (printing all threads), id 0xc0000005, EXCEPTION_ACCESS_VIOLATION (0xc0000005) at pc=0x00007ff915e8b047]

VM state: not at safepoint (not fully initialized)

VM Mutex/Monitor currently owned by a thread:  ([mutex/lock_event])
[0x000002085c2bb470] Heap_lock - owner thread: 0x000002085c2c03e0

Heap address: 0x0000000684400000, size: 6076 MB, Compressed Oops mode: Zero based, Oop shift amount: 3

CDS archive(s) mapped at: [0x0000000000000000-0x0000000000000000-0x0000000000000000), size 0, SharedBaseAddress: 0x0000000800000000, ArchiveRelocationMode: 1.
Narrow klass base: 0x0000000000000000, Narrow klass shift: 0, Narrow klass range: 0x0

GC Precious Log:
<Empty>

Heap:
 garbage-first heap   total 0K, used 0K [0x0000000684400000, 0x0000000800000000)
  region size 4096K, 0 young (0K), 0 survivors (0K)

[error occurred during error reporting (printing heap information), id 0xc0000005, EXCEPTION_ACCESS_VIOLATION (0xc0000005) at pc=0x00007ff916271499]

GC Heap History (0 events):
No events

Deoptimization events (0 events):
No events

Classes unloaded (0 events):
No events

Classes redefined (0 events):
No events

Internal exceptions (0 events):
No events

VM Operations (0 events):
No events

Events (1 events):
Event: 0.006 Loaded shared library C:\Program Files\Java\jdk-17\bin\java.dll


Dynamic libraries:
0x00007ff708fd0000 - 0x00007ff708fe0000 	C:\Program Files\Java\jdk-17\bin\java.exe
0x00007ff9fa580000 - 0x00007ff9fa7e7000 	C:\WINDOWS\SYSTEM32\ntdll.dll
0x00007ff9f8dc0000 - 0x00007ff9f8e89000 	C:\WINDOWS\System32\KERNEL32.DLL
0x00007ff9f7a90000 - 0x00007ff9f7e7f000 	C:\WINDOWS\System32\KERNELBASE.dll
0x00007ff9f76d0000 - 0x00007ff9f781b000 	C:\WINDOWS\System32\ucrtbase.dll
0x00007ff9e1e90000 - 0x00007ff9e1eab000 	C:\Program Files\Java\jdk-17\bin\VCRUNTIME140.dll
0x00007ff9f2020000 - 0x00007ff9f2039000 	C:\Program Files\Java\jdk-17\bin\jli.dll
0x00007ff9f9d70000 - 0x00007ff9f9e24000 	C:\WINDOWS\System32\ADVAPI32.dll
0x00007ff9f8f80000 - 0x00007ff9f9029000 	C:\WINDOWS\System32\msvcrt.dll
0x00007ff9f9e30000 - 0x00007ff9f9ed6000 	C:\WINDOWS\System32\sechost.dll
0x00007ff9f9ab0000 - 0x00007ff9f9bc8000 	C:\WINDOWS\System32\RPCRT4.dll
0x00007ff9f9ee0000 - 0x00007ff9fa0a5000 	C:\WINDOWS\System32\USER32.dll
0x00007ff9f7e90000 - 0x00007ff9f7eb7000 	C:\WINDOWS\System32\win32u.dll
0x00007ff9f9870000 - 0x00007ff9f989b000 	C:\WINDOWS\System32\GDI32.dll
0x00007ff9de5a0000 - 0x00007ff9de833000 	C:\WINDOWS\WinSxS\amd64_microsoft.windows.common-controls_6595b64144ccf1df_6.0.26100.7309_none_3e05feeae336a044\COMCTL32.dll
0x00007ff9f78b0000 - 0x00007ff9f79dc000 	C:\WINDOWS\System32\gdi32full.dll
0x00007ff9f79e0000 - 0x00007ff9f7a83000 	C:\WINDOWS\System32\msvcp_win.dll
0x00007ff9edb20000 - 0x00007ff9edb2b000 	C:\WINDOWS\SYSTEM32\VERSION.dll
0x00007ff9f8b40000 - 0x00007ff9f8b71000 	C:\WINDOWS\System32\IMM32.DLL
0x00007ff9f1f40000 - 0x00007ff9f1f4c000 	C:\Program Files\Java\jdk-17\bin\vcruntime140_1.dll
0x00007ff9cc890000 - 0x00007ff9cc91e000 	C:\Program Files\Java\jdk-17\bin\msvcp140.dll
0x00007ff915ba0000 - 0x00007ff91677e000 	C:\Program Files\Java\jdk-17\bin\server\jvm.dll
0x00007ff9f8b90000 - 0x00007ff9f8b98000 	C:\WINDOWS\System32\PSAPI.DLL
0x00007ff9eeae0000 - 0x00007ff9eeaea000 	C:\WINDOWS\SYSTEM32\WSOCK32.dll
0x00007ff9f9210000 - 0x00007ff9f9284000 	C:\WINDOWS\System32\WS2_32.dll
0x00007ff9eacb0000 - 0x00007ff9eace5000 	C:\WINDOWS\SYSTEM32\WINMM.dll
0x00007ff9f65a0000 - 0x00007ff9f65bb000 	C:\WINDOWS\SYSTEM32\kernel.appcore.dll
0x00007ff9de9a0000 - 0x00007ff9de9aa000 	C:\Program Files\Java\jdk-17\bin\jimage.dll
0x00007ff9f4a00000 - 0x00007ff9f4c42000 	C:\WINDOWS\SYSTEM32\DBGHELP.DLL
0x00007ff9f9290000 - 0x00007ff9f9615000 	C:\WINDOWS\System32\combase.dll
0x00007ff9f9620000 - 0x00007ff9f96f6000 	C:\WINDOWS\System32\OLEAUT32.dll
0x00007ff9bb380000 - 0x00007ff9bb3bc000 	C:\WINDOWS\SYSTEM32\dbgcore.DLL
0x00007ff9f80f0000 - 0x00007ff9f8195000 	C:\WINDOWS\System32\bcryptPrimitives.dll
0x00007ff9d4960000 - 0x00007ff9d4985000 	C:\Program Files\Java\jdk-17\bin\java.dll

dbghelp: loaded successfully - version: 4.0.5 - missing functions: none
symbol engine: initialized successfully - sym options: 0x614 - pdb path: .;C:\Program Files\Java\jdk-17\bin;C:\WINDOWS\SYSTEM32;C:\WINDOWS\WinSxS\amd64_microsoft.windows.common-controls_6595b64144ccf1df_6.0.26100.7309_none_3e05feeae336a044;C:\Program Files\Java\jdk-17\bin\server

VM Arguments:
jvm_args: -Dnet.bytebuddy.agent.attacher.dump= 
java_command: net.bytebuddy.agent.Attacher com.sun.tools.attach.VirtualMachine 42976 C:\Users\PLA30\.gradle\caches\modules-2\files-2.1\net.bytebuddy\byte-buddy-agent\1.14.17\e3c251a39dc90badaf71c83427ba46840f219d8d\byte-buddy-agent-1.14.17.jar false 
java_class_path (initial): C:\Users\PLA30\.gradle\caches\modules-2\files-2.1\net.bytebuddy\byte-buddy-agent\1.14.17\e3c251a39dc90badaf71c83427ba46840f219d8d\byte-buddy-agent-1.14.17.jar
Launcher Type: SUN_STANDARD

[Global flags]
     intx CICompilerCount                          = 12                                        {product} {ergonomic}
     uint ConcGCThreads                            = 4                                         {product} {ergonomic}
     uint G1ConcRefinementThreads                  = 15                                        {product} {ergonomic}
   size_t G1HeapRegionSize                         = 4194304                                   {product} {ergonomic}
    uintx GCDrainStackTargetSize                   = 64                                        {product} {ergonomic}
   size_t InitialHeapSize                          = 398458880                                 {product} {ergonomic}
   size_t MarkStackSize                            = 4194304                                   {product} {ergonomic}
   size_t MaxHeapSize                              = 6371147776                                {product} {ergonomic}
   size_t MinHeapDeltaBytes                        = 4194304                                   {product} {ergonomic}
   size_t MinHeapSize                              = 8388608                                   {product} {ergonomic}
    uintx NonNMethodCodeHeapSize                   = 7602480                                {pd product} {ergonomic}
    uintx NonProfiledCodeHeapSize                  = 122027880                              {pd product} {ergonomic}
    uintx ProfiledCodeHeapSize                     = 122027880                              {pd product} {ergonomic}
    uintx ReservedCodeCacheSize                    = 251658240                              {pd product} {ergonomic}
     bool SegmentedCodeCache                       = true                                      {product} {ergonomic}
   size_t SoftMaxHeapSize                          = 6371147776                             {manageable} {ergonomic}
     bool UseCompressedClassPointers               = true                           {product lp64_product} {ergonomic}
     bool UseCompressedOops                        = true                           {product lp64_product} {ergonomic}
     bool UseG1GC                                  = true                                      {product} {ergonomic}
     bool UseLargePagesIndividualAllocation        = false                                  {pd product} {ergonomic}

Logging:
Log output configuration:
 #0: stdout all=warning uptime,level,tags
 #1: stderr all=off uptime,level,tags

Environment Variables:
JAVA_HOME=C:\Program Files\Java\jdk-17
PATH=C:\Program Files\Common Files\Oracle\Java\javapath;C:\Program Files\Microsoft\jdk-21.0.6.7-hotspot\bin;C:\WINDOWS\system32;C:\WINDOWS;C:\WINDOWS\System32\Wbem;C:\WINDOWS\System32\WindowsPowerShell\v1.0\;C:\WINDOWS\System32\OpenSSH\;C:\Program Files (x86)\NVIDIA Corporation\PhysX\Common;C:\Program Files\NVIDIA Corporation\NVIDIA NvDLISR;C:\Program Files\Git\cmd;C:\Program Files\TortoiseGit\bin;C:\Program Files (x86)\NetSarang\Xshell 8\;D:\迅雷云盘\doxygen\bin;C:\ProgramData\chocolatey\bin;D:\Go\bin;C:\Program Files\Docker\Docker\resources\bin;D:\迅雷云盘\Node\;D:\迅雷云盘\ffmpeg\ffmpeg-7.1.1-essentials_build\bin;C:\Users\PLA30\AppData\Roaming\npm\;D:\Docker;C:\Users\PLA30\.local\bin;C:\Users\PLA30\AppData\Local\Programs\Python\Python313\Scripts\;C:\Users\PLA30\AppData\Local\Programs\Python\Python313\;C:\Users\PLA30\AppData\Local\Microsoft\WindowsApps;D:\VScode\Microsoft VS Code\bin;C:\Program Files\JetBrains\PyCharm 2025.1.2\bin;C:\Users\PLA30\AppData\Local\Pandoc\;C:\Users\PLA30\go\bin;D:\A-download\compress\x86_64-15.1.0-release-win32-seh-ucrt-rt_v12-rev0\mingw64\bin;D:\MSY2\ucrt64\bin;C:\Users\PLA30\AppData\Roaming\npm;C:\Android\platform-tools;C:\Users\PLA30\AppData\Local\Antihub
USERNAME=PLA30
LANG=zh_CN.UTF-8
OS=Windows_NT
PROCESSOR_IDENTIFIER=Intel64 Family 6 Model 183 Stepping 1, GenuineIntel



---------------  S Y S T E M  ---------------

OS:
 Windows 11 , 64 bit Build 26100 (10.0.26100.7309)
OS uptime: 0 days 5:44 hours
Hyper-V role detected

CPU: total 20 (initial active 20) (10 cores per cpu, 2 threads per core) family 6 model 183 stepping 1 microcode 0x122, cx8, cmov, fxsr, ht, mmx, 3dnowpref, sse, sse2, sse3, ssse3, sse4.1, sse4.2, popcnt, lzcnt, tsc, tscinvbit, avx, avx2, aes, erms, clmul, bmi1, bmi2, adx, sha, fma, vzeroupper, clflush, clflushopt, clwb, hv

Memory: 4k page, system-wide physical 24299M (7988M free)
TotalPageFile size 59463M (AvailPageFile size 207M)
current process WorkingSet (physical memory assigned to process): 12M, peak: 12M
current process commit charge ("private bytes"): 75M, peak: 455M

vm_info: Java HotSpot(TM) 64-Bit Server VM (17.0.8+9-LTS-211) for windows-amd64 JRE (17.0.8+9-LTS-211), built on Jun 14 2023 10:34:31 by "mach5one" with MS VC++ 17.1 (VS2022)

END.
