kotlin version: 2.0.21
error message: org.jetbrains.kotlin.backend.common.CompilationException: Back-end: Please report this problem https://kotl.in/issue
E:/hushaokang/Data-code/Love/app/src/main/java/com/empathy/ai/data/repository/DailySummaryRepositoryImpl.kt:-1:-1
Details: Internal error in file lowering: java.lang.AssertionError: Error occurred while optimizing an expression:
CALL 'public final fun <get-keyEventsJson> (): kotlin.String declared in com.empathy.ai.data.local.entity.DailySummaryEntity' type=kotlin.String origin=GET_PROPERTY
  $this: GET_VAR '<this>: com.empathy.ai.data.local.entity.DailySummaryEntity declared in com.empathy.ai.data.repository.DailySummaryRepositoryImpl.toDomain' type=com.empathy.ai.data.local.entity.DailySummaryEntity origin=null

	at org.jetbrains.kotlin.ir.interpreter.transformer.IrConstTransformer.canBeInterpreted(IrConstTransformer.kt:132)
	at org.jetbrains.kotlin.ir.interpreter.transformer.IrConstExpressionTransformer.visitCall(IrConstExpressionTransformer.kt:49)
	at org.jetbrains.kotlin.ir.interpreter.transformer.IrConstExpressionTransformer.visitCall(IrConstExpressionTransformer.kt:26)
	at org.jetbrains.kotlin.ir.expressions.IrCall.accept(IrCall.kt:24)
	at org.jetbrains.kotlin.ir.expressions.IrExpression.transform(IrExpression.kt:24)
	at org.jetbrains.kotlin.ir.expressions.IrExpression.transform(IrExpression.kt:20)
	at org.jetbrains.kotlin.ir.util.TransformKt.transformInPlace(transform.kt:45)
	at org.jetbrains.kotlin.ir.expressions.IrMemberAccessExpression.transformChildren(IrMemberAccessExpression.kt:68)
	at org.jetbrains.kotlin.ir.visitors.IrElementTransformer$DefaultImpls.visitExpression(IrElementTransformer.kt:95)
	at org.jetbrains.kotlin.ir.interpreter.transformer.IrConstExpressionTransformer.visitExpression(IrConstExpressionTransformer.kt:26)
	at org.jetbrains.kotlin.ir.interpreter.transformer.IrConstExpressionTransformer.visitExpression(IrConstExpressionTransformer.kt:26)
	at org.jetbrains.kotlin.ir.visitors.IrElementTransformer$DefaultImpls.visitDeclarationReference(IrElementTransformer.kt:111)
	at org.jetbrains.kotlin.ir.interpreter.transformer.IrConstExpressionTransformer.visitDeclarationReference(IrConstExpressionTransformer.kt:26)
	at org.jetbrains.kotlin.ir.interpreter.transformer.IrConstExpressionTransformer.visitDeclarationReference(IrConstExpressionTransformer.kt:26)
	at org.jetbrains.kotlin.ir.visitors.IrElementTransformer$DefaultImpls.visitMemberAccess(IrElementTransformer.kt:114)
	at org.jetbrains.kotlin.ir.interpreter.transformer.IrConstExpressionTransformer.visitMemberAccess(IrConstExpressionTransformer.kt:26)
	at org.jetbrains.kotlin.ir.interpreter.transformer.IrConstExpressionTransformer.visitMemberAccess(IrConstExpressionTransformer.kt:26)
	at org.jetbrains.kotlin.ir.visitors.IrElementTransformer$DefaultImpls.visitFunctionAccess(IrElementTransformer.kt:117)
	at org.jetbrains.kotlin.ir.interpreter.transformer.IrConstExpressionTransformer.visitFunctionAccess(IrConstExpressionTransformer.kt:26)
	at org.jetbrains.kotlin.ir.interpreter.transformer.IrConstExpressionTransformer.visitFunctionAccess(IrConstExpressionTransformer.kt:26)
	at org.jetbrains.kotlin.ir.visitors.IrElementTransformer$DefaultImpls.visitCall(IrElementTransformer.kt:162)
	at org.jetbrains.kotlin.ir.interpreter.transformer.IrConstExpressionTransformer.visitCall(IrConstExpressionTransformer.kt:52)
	at org.jetbrains.kotlin.ir.interpreter.transformer.IrConstExpressionTransformer.visitCall(IrConstExpressionTransformer.kt:26)
	at org.jetbrains.kotlin.ir.expressions.IrCall.accept(IrCall.kt:24)
	at org.jetbrains.kotlin.ir.expressions.IrExpression.transform(IrExpression.kt:24)
	at org.jetbrains.kotlin.ir.declarations.IrVariable.transformChildren(IrVariable.kt:43)
	at org.jetbrains.kotlin.ir.visitors.IrElementTransformer$DefaultImpls.visitDeclaration(IrElementTransformer.kt:27)
	at org.jetbrains.kotlin.ir.interpreter.transformer.IrConstExpressionTransformer.visitDeclaration(IrConstExpressionTransformer.kt:26)
	at org.jetbrains.kotlin.ir.interpreter.transformer.IrConstExpressionTransformer.visitDeclaration(IrConstExpressionTransformer.kt:26)
	at org.jetbrains.kotlin.ir.visitors.IrElementTransformer$DefaultImpls.visitVariable(IrElementTransformer.kt:79)
	at org.jetbrains.kotlin.ir.interpreter.transformer.IrConstExpressionTransformer.visitVariable(IrConstExpressionTransformer.kt:26)
	at org.jetbrains.kotlin.ir.interpreter.transformer.IrConstExpressionTransformer.visitVariable(IrConstExpressionTransformer.kt:26)
	at org.jetbrains.kotlin.ir.declarations.IrVariable.accept(IrVariable.kt:36)
	at org.jetbrains.kotlin.ir.IrElementBase.transform(IrElementBase.kt:33)
	at org.jetbrains.kotlin.ir.util.TransformKt.transformInPlace(transform.kt:35)
	at org.jetbrains.kotlin.ir.expressions.IrContainerExpression.transformChildren(IrContainerExpression.kt:26)
	at org.jetbrains.kotlin.ir.visitors.IrElementTransformer$DefaultImpls.visitExpression(IrElementTransformer.kt:95)
	at org.jetbrains.kotlin.ir.interpreter.transformer.IrConstExpressionTransformer.visitExpression(IrConstExpressionTransformer.kt:26)
	at org.jetbrains.kotlin.ir.interpreter.transformer.IrConstExpressionTransformer.visitExpression(IrConstExpressionTransformer.kt:26)
	at org.jetbrains.kotlin.ir.visitors.IrElementTransformer$DefaultImpls.visitContainerExpression(IrElementTransformer.kt:135)
	at org.jetbrains.kotlin.ir.interpreter.transformer.IrConstExpressionTransformer.visitContainerExpression(IrConstExpressionTransformer.kt:26)
	at org.jetbrains.kotlin.ir.interpreter.transformer.IrConstExpressionTransformer.visitContainerExpression(IrConstExpressionTransformer.kt:26)
	at org.jetbrains.kotlin.ir.visitors.IrElementTransformer$DefaultImpls.visitBlock(IrElementTransformer.kt:138)
	at org.jetbrains.kotlin.ir.interpreter.transformer.IrConstExpressionTransformer.visitBlock(IrConstExpressionTransformer.kt:26)
	at org.jetbrains.kotlin.ir.interpreter.transformer.IrConstExpressionTransformer.visitBlock(IrConstExpressionTransformer.kt:26)
	at org.jetbrains.kotlin.ir.expressions.IrBlock.accept(IrBlock.kt:18)
	at org.jetbrains.kotlin.ir.expressions.IrExpression.transform(IrExpression.kt:24)
	at org.jetbrains.kotlin.ir.expressions.IrExpression.transform(IrExpression.kt:20)
	at org.jetbrains.kotlin.ir.util.TransformKt.transformInPlace(transform.kt:35)
	at org.jetbrains.kotlin.ir.expressions.IrContainerExpression.transformChildren(IrContainerExpression.kt:26)
	at org.jetbrains.kotlin.ir.visitors.IrElementTransformer$DefaultImpls.visitExpression(IrElementTransformer.kt:95)
	at org.jetbrains.kotlin.ir.interpreter.transformer.IrConstExpressionTransformer.visitExpression(IrConstExpressionTransformer.kt:26)
	at org.jetbrains.kotlin.ir.interpreter.transformer.IrConstExpressionTransformer.visitExpression(IrConstExpressionTransformer.kt:26)
	at org.jetbrains.kotlin.ir.visitors.IrElementTransformer$DefaultImpls.visitContainerExpression(IrElementTransformer.kt:135)
	at org.jetbrains.kotlin.ir.interpreter.transformer.IrConstExpressionTransformer.visitContainerExpression(IrConstExpressionTransformer.kt:26)
	at org.jetbrains.kotlin.ir.interpreter.transformer.IrConstExpressionTransformer.visitContainerExpression(IrConstExpressionTransformer.kt:26)
	at org.jetbrains.kotlin.ir.visitors.IrElementTransformer$DefaultImpls.visitBlock(IrElementTransformer.kt:138)
	at org.jetbrains.kotlin.ir.interpreter.transformer.IrConstExpressionTransformer.visitBlock(IrConstExpressionTransformer.kt:26)
	at org.jetbrains.kotlin.ir.interpreter.transformer.IrConstExpressionTransformer.visitBlock(IrConstExpressionTransformer.kt:26)
	at org.jetbrains.kotlin.ir.expressions.IrBlock.accept(IrBlock.kt:18)
	at org.jetbrains.kotlin.ir.expressions.IrExpression.transform(IrExpression.kt:24)
	at org.jetbrains.kotlin.ir.expressions.IrTry.transformChildren(IrTry.kt:35)
	at org.jetbrains.kotlin.ir.visitors.IrElementTransformer$DefaultImpls.visitExpression(IrElementTransformer.kt:95)
	at org.jetbrains.kotlin.ir.interpreter.transformer.IrConstExpressionTransformer.visitExpression(IrConstExpressionTransformer.kt:26)
	at org.jetbrains.kotlin.ir.interpreter.transformer.IrConstExpressionTransformer.visitExpression(IrConstExpressionTransformer.kt:26)
	at org.jetbrains.kotlin.ir.visitors.IrElementTransformer$DefaultImpls.visitTry(IrElementTransformer.kt:260)
	at org.jetbrains.kotlin.ir.interpreter.transformer.IrConstExpressionTransformer.visitTry(IrConstExpressionTransformer.kt:26)
	at org.jetbrains.kotlin.ir.interpreter.transformer.IrConstExpressionTransformer.visitTry(IrConstExpressionTransformer.kt:26)
	at org.jetbrains.kotlin.ir.expressions.IrTry.accept(IrTry.kt:26)
	at org.jetbrains.kotlin.ir.expressions.IrExpression.transform(IrExpression.kt:24)
	at org.jetbrains.kotlin.ir.declarations.IrVariable.transformChildren(IrVariable.kt:43)
	at org.jetbrains.kotlin.ir.visitors.IrElementTransformer$DefaultImpls.visitDeclaration(IrElementTransformer.kt:27)
	at org.jetbrains.kotlin.ir.interpreter.transformer.IrConstExpressionTransformer.visitDeclaration(IrConstExpressionTransformer.kt:26)
	at org.jetbrains.kotlin.ir.interpreter.transformer.IrConstExpressionTransformer.visitDeclaration(IrConstExpressionTransformer.kt:26)
	at org.jetbrains.kotlin.ir.visitors.IrElementTransformer$DefaultImpls.visitVariable(IrElementTransformer.kt:79)
	at org.jetbrains.kotlin.ir.interpreter.transformer.IrConstExpressionTransformer.visitVariable(IrConstExpressionTransformer.kt:26)
	at org.jetbrains.kotlin.ir.interpreter.transformer.IrConstExpressionTransformer.visitVariable(IrConstExpressionTransformer.kt:26)
	at org.jetbrains.kotlin.ir.declarations.IrVariable.accept(IrVariable.kt:36)
	at org.jetbrains.kotlin.ir.IrElementBase.transform(IrElementBase.kt:33)
	at org.jetbrains.kotlin.ir.util.TransformKt.transformInPlace(transform.kt:35)
	at org.jetbrains.kotlin.ir.expressions.IrBlockBody.transformChildren(IrBlockBody.kt:27)
	at org.jetbrains.kotlin.ir.visitors.IrElementTransformer$DefaultImpls.visitBody(IrElementTransformer.kt:100)
	at org.jetbrains.kotlin.ir.interpreter.transformer.IrConstExpressionTransformer.visitBody(IrConstExpressionTransformer.kt:26)
	at org.jetbrains.kotlin.ir.interpreter.transformer.IrConstExpressionTransformer.visitBody(IrConstExpressionTransformer.kt:26)
	at org.jetbrains.kotlin.ir.visitors.IrElementTransformer$DefaultImpls.visitBlockBody(IrElementTransformer.kt:108)
	at org.jetbrains.kotlin.ir.interpreter.transformer.IrConstExpressionTransformer.visitBlockBody(IrConstExpressionTransformer.kt:26)
	at org.jetbrains.kotlin.ir.interpreter.transformer.IrConstExpressionTransformer.visitBlockBody(IrConstExpressionTransformer.kt:26)
	at org.jetbrains.kotlin.ir.expressions.IrBlockBody.accept(IrBlockBody.kt:20)
	at org.jetbrains.kotlin.ir.expressions.IrBody.transform(IrBody.kt:20)
	at org.jetbrains.kotlin.ir.declarations.IrFunction.transformChildren(IrFunction.kt:58)
	at org.jetbrains.kotlin.ir.visitors.IrElementTransformer$DefaultImpls.visitDeclaration(IrElementTransformer.kt:27)
	at org.jetbrains.kotlin.ir.interpreter.transformer.IrConstExpressionTransformer.visitDeclaration(IrConstExpressionTransformer.kt:26)
	at org.jetbrains.kotlin.ir.interpreter.transformer.IrConstExpressionTransformer.visitDeclaration(IrConstExpressionTransformer.kt:26)
	at org.jetbrains.kotlin.ir.visitors.IrElementTransformer$DefaultImpls.visitFunction(IrElementTransformer.kt:44)
	at org.jetbrains.kotlin.ir.interpreter.transformer.IrConstExpressionTransformer.visitFunction(IrConstExpressionTransformer.kt:45)
	at org.jetbrains.kotlin.ir.interpreter.transformer.IrConstExpressionTransformer.visitFunction(IrConstExpressionTransformer.kt:26)
	at org.jetbrains.kotlin.ir.visitors.IrElementTransformer$DefaultImpls.visitSimpleFunction(IrElementTransformer.kt:73)
	at org.jetbrains.kotlin.ir.interpreter.transformer.IrConstExpressionTransformer.visitSimpleFunction(IrConstExpressionTransformer.kt:26)
	at org.jetbrains.kotlin.ir.interpreter.transformer.IrConstExpressionTransformer.visitSimpleFunction(IrConstExpressionTransformer.kt:26)
	at org.jetbrains.kotlin.ir.declarations.IrSimpleFunction.accept(IrSimpleFunction.kt:39)
	at org.jetbrains.kotlin.ir.IrElementBase.transform(IrElementBase.kt:33)
	at org.jetbrains.kotlin.ir.util.TransformKt.transformInPlace(transform.kt:35)
	at org.jetbrains.kotlin.ir.declarations.IrClass.transformChildren(IrClass.kt:82)
	at org.jetbrains.kotlin.ir.visitors.IrElementTransformer$DefaultImpls.visitDeclaration(IrElementTransformer.kt:27)
	at org.jetbrains.kotlin.ir.interpreter.transformer.IrConstExpressionTransformer.visitDeclaration(IrConstExpressionTransformer.kt:26)
	at org.jetbrains.kotlin.ir.interpreter.transformer.IrConstExpressionTransformer.visitDeclaration(IrConstExpressionTransformer.kt:26)
	at org.jetbrains.kotlin.ir.visitors.IrElementTransformer$DefaultImpls.visitClass(IrElementTransformer.kt:35)
	at org.jetbrains.kotlin.ir.interpreter.transformer.IrConstExpressionTransformer.visitClass(IrConstExpressionTransformer.kt:26)
	at org.jetbrains.kotlin.ir.interpreter.transformer.IrConstExpressionTransformer.visitClass(IrConstExpressionTransformer.kt:26)
	at org.jetbrains.kotlin.ir.declarations.IrClass.accept(IrClass.kt:72)
	at org.jetbrains.kotlin.ir.IrElementBase.transform(IrElementBase.kt:33)
	at org.jetbrains.kotlin.ir.util.TransformKt.transformInPlace(transform.kt:35)
	at org.jetbrains.kotlin.ir.declarations.IrFile.transformChildren(IrFile.kt:38)
	at org.jetbrains.kotlin.ir.visitors.IrElementTransformer$DefaultImpls.visitFile(IrElementTransformer.kt:90)
	at org.jetbrains.kotlin.ir.interpreter.transformer.IrConstExpressionTransformer.visitFile(IrConstExpressionTransformer.kt:26)
	at org.jetbrains.kotlin.ir.interpreter.transformer.IrConstExpressionTransformer.visitFile(IrConstExpressionTransformer.kt:26)
	at org.jetbrains.kotlin.ir.declarations.IrFile.accept(IrFile.kt:28)
	at org.jetbrains.kotlin.ir.declarations.IrFile.transform(IrFile.kt:31)
	at org.jetbrains.kotlin.ir.interpreter.transformer.IrConstTransformerKt.runConstOptimizations(IrConstTransformer.kt:77)
	at org.jetbrains.kotlin.backend.common.lower.ConstEvaluationLowering.lower(ConstEvaluationLowering.kt:36)
	at org.jetbrains.kotlin.backend.common.FileLoweringPass.lower(Lower.kt:42)
	at org.jetbrains.kotlin.backend.common.phaser.PhaseBuildersKt.makeIrModulePhase$lambda$5(PhaseBuilders.kt:110)
	at org.jetbrains.kotlin.backend.common.phaser.PhaseBuildersKt$createSimpleNamedCompilerPhase$1.phaseBody(PhaseBuilders.kt:69)
	at org.jetbrains.kotlin.backend.common.phaser.SimpleNamedCompilerPhase.phaseBody(CompilerPhase.kt:226)
	at org.jetbrains.kotlin.backend.common.phaser.AbstractNamedCompilerPhase.invoke(CompilerPhase.kt:113)
	at org.jetbrains.kotlin.backend.common.phaser.CompositePhase.invoke(PhaseBuilders.kt:27)
	at org.jetbrains.kotlin.backend.common.phaser.CompositePhase.invoke(PhaseBuilders.kt:14)
	at org.jetbrains.kotlin.backend.common.phaser.NamedCompilerPhase.phaseBody(CompilerPhase.kt:166)
	at org.jetbrains.kotlin.backend.common.phaser.AbstractNamedCompilerPhase.invoke(CompilerPhase.kt:113)
	at org.jetbrains.kotlin.backend.common.phaser.CompilerPhaseKt.invokeToplevel(CompilerPhase.kt:62)
	at org.jetbrains.kotlin.backend.jvm.JvmIrCodegenFactory.invokeLowerings(JvmIrCodegenFactory.kt:358)
	at org.jetbrains.kotlin.codegen.CodegenFactory.generateModule(CodegenFactory.kt:46)
	at org.jetbrains.kotlin.backend.jvm.JvmIrCodegenFactory.generateModuleInFrontendIRMode(JvmIrCodegenFactory.kt:433)
	at org.jetbrains.kotlin.cli.jvm.compiler.pipeline.JvmCompilerPipelineKt.generateCodeFromIr(jvmCompilerPipeline.kt:246)
	at org.jetbrains.kotlin.cli.jvm.compiler.pipeline.JvmCompilerPipelineKt.compileModulesUsingFrontendIrAndLightTree(jvmCompilerPipeline.kt:142)
	at org.jetbrains.kotlin.cli.jvm.K2JVMCompiler.doExecute(K2JVMCompiler.kt:148)
	at org.jetbrains.kotlin.cli.jvm.K2JVMCompiler.doExecute(K2JVMCompiler.kt:43)
	at org.jetbrains.kotlin.cli.common.CLICompiler.execImpl(CLICompiler.kt:103)
	at org.jetbrains.kotlin.cli.common.CLICompiler.execImpl(CLICompiler.kt:49)
	at org.jetbrains.kotlin.cli.common.CLITool.exec(CLITool.kt:101)
	at org.jetbrains.kotlin.incremental.IncrementalJvmCompilerRunner.runCompiler(IncrementalJvmCompilerRunner.kt:464)
	at org.jetbrains.kotlin.incremental.IncrementalJvmCompilerRunner.runCompiler(IncrementalJvmCompilerRunner.kt:73)
	at org.jetbrains.kotlin.incremental.IncrementalCompilerRunner.doCompile(IncrementalCompilerRunner.kt:506)
	at org.jetbrains.kotlin.incremental.IncrementalCompilerRunner.compileImpl(IncrementalCompilerRunner.kt:423)
	at org.jetbrains.kotlin.incremental.IncrementalCompilerRunner.tryCompileIncrementally$lambda$9$compile(IncrementalCompilerRunner.kt:249)
	at org.jetbrains.kotlin.incremental.IncrementalCompilerRunner.tryCompileIncrementally(IncrementalCompilerRunner.kt:267)
	at org.jetbrains.kotlin.incremental.IncrementalCompilerRunner.compile(IncrementalCompilerRunner.kt:120)
	at org.jetbrains.kotlin.daemon.CompileServiceImplBase.execIncrementalCompiler(CompileServiceImpl.kt:675)
	at org.jetbrains.kotlin.daemon.CompileServiceImplBase.access$execIncrementalCompiler(CompileServiceImpl.kt:92)
	at org.jetbrains.kotlin.daemon.CompileServiceImpl.compile(CompileServiceImpl.kt:1660)
	at java.base/jdk.internal.reflect.NativeMethodAccessorImpl.invoke0(Native Method)
	at java.base/jdk.internal.reflect.NativeMethodAccessorImpl.invoke(NativeMethodAccessorImpl.java:77)
	at java.base/jdk.internal.reflect.DelegatingMethodAccessorImpl.invoke(DelegatingMethodAccessorImpl.java:43)
	at java.base/java.lang.reflect.Method.invoke(Method.java:568)
	at java.rmi/sun.rmi.server.UnicastServerRef.dispatch(UnicastServerRef.java:360)
	at java.rmi/sun.rmi.transport.Transport$1.run(Transport.java:200)
	at java.rmi/sun.rmi.transport.Transport$1.run(Transport.java:197)
	at java.base/java.security.AccessController.doPrivileged(AccessController.java:712)
	at java.rmi/sun.rmi.transport.Transport.serviceCall(Transport.java:196)
	at java.rmi/sun.rmi.transport.tcp.TCPTransport.handleMessages(TCPTransport.java:587)
	at java.rmi/sun.rmi.transport.tcp.TCPTransport$ConnectionHandler.run0(TCPTransport.java:828)
	at java.rmi/sun.rmi.transport.tcp.TCPTransport$ConnectionHandler.lambda$run$0(TCPTransport.java:705)
	at java.base/java.security.AccessController.doPrivileged(AccessController.java:399)
	at java.rmi/sun.rmi.transport.tcp.TCPTransport$ConnectionHandler.run(TCPTransport.java:704)
	at java.base/java.util.concurrent.ThreadPoolExecutor.runWorker(ThreadPoolExecutor.java:1136)
	at java.base/java.util.concurrent.ThreadPoolExecutor$Worker.run(ThreadPoolExecutor.java:635)
	at java.base/java.lang.Thread.run(Thread.java:833)
Caused by: java.lang.AssertionError: Error occurred while optimizing an expression:
CALL 'public final fun <get-keyEventsJson> (): kotlin.String declared in com.empathy.ai.data.local.entity.DailySummaryEntity' type=kotlin.String origin=GET_PROPERTY
  $this: GET_VAR '<this>: com.empathy.ai.data.local.entity.DailySummaryEntity declared in com.empathy.ai.data.repository.DailySummaryRepositoryImpl.toDomain' type=com.empathy.ai.data.local.entity.DailySummaryEntity origin=null

	... 167 more
Caused by: java.lang.IllegalStateException: Could not read file: E:/hushaokang/Data-code/Love/app/build/tmp/kotlin-classes/debug/com/empathy/ai/data/local/entity/ContactProfileEntity.class; size in bytes: -1; file type: CLASS
	at org.jetbrains.kotlin.load.kotlin.VirtualFileKotlinClass$Factory.logFileReadingErrorMessage(VirtualFileKotlinClass.kt:77)
	at org.jetbrains.kotlin.load.kotlin.VirtualFileKotlinClass$Factory.create$lambda$3(VirtualFileKotlinClass.kt:68)
	at org.jetbrains.kotlin.util.PerformanceCounter.time(PerformanceCounter.kt:90)
	at org.jetbrains.kotlin.load.kotlin.VirtualFileKotlinClass$Factory.create$frontend_common_jvm(VirtualFileKotlinClass.kt:51)
	at org.jetbrains.kotlin.load.kotlin.KotlinBinaryClassCache$Companion.getKotlinBinaryClassOrClassFileContent$lambda$0(KotlinBinaryClassCache.kt:89)
	at org.jetbrains.kotlin.com.intellij.mock.MockApplication.runReadAction(MockApplication.java:190)
	at org.jetbrains.kotlin.load.kotlin.KotlinBinaryClassCache$Companion.getKotlinBinaryClassOrClassFileContent(KotlinBinaryClassCache.kt:88)
	at org.jetbrains.kotlin.load.kotlin.KotlinBinaryClassCache$Companion.getKotlinBinaryClassOrClassFileContent$default(KotlinBinaryClassCache.kt:72)
	at org.jetbrains.kotlin.load.kotlin.VirtualFileFinder.findKotlinClassOrContent(VirtualFileFinder.kt:37)
	at org.jetbrains.kotlin.fir.java.deserialization.JvmClassFileBasedSymbolProvider.extractClassMetadata(JvmClassFileBasedSymbolProvider.kt:161)
	at org.jetbrains.kotlin.fir.deserialization.AbstractFirDeserializedSymbolProvider.findAndDeserializeClass(AbstractFirDeserializedSymbolProvider.kt:228)
	at org.jetbrains.kotlin.fir.deserialization.AbstractFirDeserializedSymbolProvider.classCache$lambda$5(AbstractFirDeserializedSymbolProvider.kt:162)
	at org.jetbrains.kotlin.fir.caches.FirThreadUnsafeCacheWithPostCompute.getValue(FirThreadUnsafeCachesFactory.kt:58)
	at org.jetbrains.kotlin.fir.deserialization.AbstractFirDeserializedSymbolProvider.getClass(AbstractFirDeserializedSymbolProvider.kt:314)
	at org.jetbrains.kotlin.fir.deserialization.AbstractFirDeserializedSymbolProvider.getClass$default(AbstractFirDeserializedSymbolProvider.kt:297)
	at org.jetbrains.kotlin.fir.deserialization.AbstractFirDeserializedSymbolProvider.getClassLikeSymbolByClassId(AbstractFirDeserializedSymbolProvider.kt:371)
	at org.jetbrains.kotlin.fir.resolve.providers.impl.FirCachingCompositeSymbolProvider.computeClass(FirCachingCompositeSymbolProvider.kt:147)
	at org.jetbrains.kotlin.fir.resolve.providers.impl.FirCachingCompositeSymbolProvider.access$computeClass(FirCachingCompositeSymbolProvider.kt:27)
	at org.jetbrains.kotlin.fir.resolve.providers.impl.FirCachingCompositeSymbolProvider$special$$inlined$createCache$1.invoke(FirCachesFactory.kt:73)
	at org.jetbrains.kotlin.fir.resolve.providers.impl.FirCachingCompositeSymbolProvider$special$$inlined$createCache$1.invoke(FirCachesFactory.kt:71)
	at org.jetbrains.kotlin.fir.caches.FirThreadUnsafeCache.getValue(FirThreadUnsafeCachesFactory.kt:40)
	at org.jetbrains.kotlin.fir.resolve.providers.impl.FirCachingCompositeSymbolProvider.getClassLikeSymbolByClassId(FirCachingCompositeSymbolProvider.kt:174)
	at org.jetbrains.kotlin.fir.resolve.LookupTagUtilsKt.toSymbol(LookupTagUtils.kt:59)
	at org.jetbrains.kotlin.fir.resolve.TypeExpansionUtilsKt.directExpansionType(TypeExpansionUtils.kt:105)
	at org.jetbrains.kotlin.fir.resolve.TypeExpansionUtilsKt.fullyExpandedTypeNoCache(TypeExpansionUtils.kt:93)
	at org.jetbrains.kotlin.fir.resolve.TypeExpansionUtilsKt.fullyExpandedType(TypeExpansionUtils.kt:45)
	at org.jetbrains.kotlin.fir.resolve.TypeExpansionUtilsKt.fullyExpandedType$default(TypeExpansionUtils.kt:35)
	at org.jetbrains.kotlin.fir.types.ConeInferenceContext.typeDepth(ConeInferenceContext.kt:164)
	at org.jetbrains.kotlin.fir.types.ConeInferenceContext.typeDepth(ConeInferenceContext.kt:152)
	at org.jetbrains.kotlin.fir.types.ConeInferenceContext.typeDepth(ConeInferenceContext.kt:172)
	at org.jetbrains.kotlin.fir.types.ConeInferenceContext.typeDepth(ConeInferenceContext.kt:152)
	at org.jetbrains.kotlin.types.AbstractTypeApproximator.typeDepth(AbstractTypeApproximator.kt)
	at org.jetbrains.kotlin.types.AbstractTypeApproximator.approximateToSuperType(AbstractTypeApproximator.kt:38)
	at org.jetbrains.kotlin.fir.types.ConeTypeApproximator.approximateToSuperType(ConeTypeApproximator.kt:17)
	at org.jetbrains.kotlin.fir.backend.Fir2IrTypeConverterKt.approximateForIrOrNull(Fir2IrTypeConverter.kt:368)
	at org.jetbrains.kotlin.fir.backend.Fir2IrTypeConverterKt.approximateForIrOrSelf(Fir2IrTypeConverter.kt:372)
	at org.jetbrains.kotlin.fir.backend.Fir2IrTypeConverter.approximateType(Fir2IrTypeConverter.kt:342)
	at org.jetbrains.kotlin.fir.backend.Fir2IrTypeConverter.toIrType(Fir2IrTypeConverter.kt:158)
	at org.jetbrains.kotlin.fir.backend.Fir2IrTypeConverter.toIrType$default(Fir2IrTypeConverter.kt:99)
	at org.jetbrains.kotlin.fir.backend.Fir2IrTypeConverterKt.toIrType(Fir2IrTypeConverter.kt:363)
	at org.jetbrains.kotlin.fir.backend.Fir2IrTypeConverterKt.toIrType$default(Fir2IrTypeConverter.kt:361)
	at org.jetbrains.kotlin.fir.backend.Fir2IrVisitor.visitGetClassCall(Fir2IrVisitor.kt:1598)
	at org.jetbrains.kotlin.fir.backend.Fir2IrVisitor.visitGetClassCall(Fir2IrVisitor.kt:62)
	at org.jetbrains.kotlin.fir.expressions.FirGetClassCall.accept(FirGetClassCall.kt:29)
	at org.jetbrains.kotlin.fir.backend.Fir2IrVisitor.convertToIrExpression$fir2ir(Fir2IrVisitor.kt:916)
	at org.jetbrains.kotlin.fir.backend.Fir2IrVisitor.convertToIrExpression$fir2ir$default(Fir2IrVisitor.kt:887)
	at org.jetbrains.kotlin.fir.backend.generators.CallAndReferenceGenerator.convertArgument(CallAndReferenceGenerator.kt:1183)
	at org.jetbrains.kotlin.fir.backend.generators.CallAndReferenceGenerator.applyArgumentsWithReorderingIfNeeded(CallAndReferenceGenerator.kt:1104)
	at org.jetbrains.kotlin.fir.backend.generators.CallAndReferenceGenerator.applyCallArguments$fir2ir(CallAndReferenceGenerator.kt:1031)
	at org.jetbrains.kotlin.fir.backend.generators.CallAndReferenceGenerator.convertToIrConstructorCall(CallAndReferenceGenerator.kt:940)
	at org.jetbrains.kotlin.fir.backend.Fir2IrVisitor.visitAnnotation(Fir2IrVisitor.kt:633)
	at org.jetbrains.kotlin.fir.backend.Fir2IrVisitor.visitAnnotation(Fir2IrVisitor.kt:62)
	at org.jetbrains.kotlin.fir.expressions.FirAnnotation.accept(FirAnnotation.kt:34)
	at org.jetbrains.kotlin.fir.backend.Fir2IrVisitor.convertToIrExpression$fir2ir(Fir2IrVisitor.kt:916)
	at org.jetbrains.kotlin.fir.backend.Fir2IrVisitor.convertToIrExpression$fir2ir$default(Fir2IrVisitor.kt:887)
	at org.jetbrains.kotlin.fir.backend.Fir2IrVisitor.convertToIrVarargElement(Fir2IrVisitor.kt:555)
	at org.jetbrains.kotlin.fir.backend.Fir2IrVisitor.convertToArrayLiteral(Fir2IrVisitor.kt:1661)
	at org.jetbrains.kotlin.fir.backend.Fir2IrVisitor.convertToIrExpression$fir2ir(Fir2IrVisitor.kt:915)
	at org.jetbrains.kotlin.fir.backend.Fir2IrVisitor.convertToIrExpression$fir2ir$default(Fir2IrVisitor.kt:887)
	at org.jetbrains.kotlin.fir.backend.generators.CallAndReferenceGenerator.convertArgument(CallAndReferenceGenerator.kt:1183)
	at org.jetbrains.kotlin.fir.backend.generators.CallAndReferenceGenerator.applyArgumentsWithReorderingIfNeeded(CallAndReferenceGenerator.kt:1104)
	at org.jetbrains.kotlin.fir.backend.generators.CallAndReferenceGenerator.applyCallArguments$fir2ir(CallAndReferenceGenerator.kt:1031)
	at org.jetbrains.kotlin.fir.backend.generators.CallAndReferenceGenerator.convertToIrConstructorCall(CallAndReferenceGenerator.kt:940)
	at org.jetbrains.kotlin.fir.lazy.AbstractFir2IrLazyDeclaration.createLazyAnnotations$lambda$1(AbstractFir2IrLazyDeclaration.kt:30)
	at org.jetbrains.kotlin.ir.declarations.lazy.SynchronizedLazyVar.getValue(lazyUtil.kt:29)
	at org.jetbrains.kotlin.ir.declarations.lazy.SynchronizedLazyVar.getValue(lazyUtil.kt:40)
	at org.jetbrains.kotlin.fir.lazy.Fir2IrLazyClass.getAnnotations(Fir2IrLazyClass.kt:54)
	at org.jetbrains.kotlin.ir.interpreter.UtilsKt.hasAnnotation(Utils.kt:62)
	at org.jetbrains.kotlin.ir.interpreter.checker.EvaluationMode.isMarkedWith(EvaluationMode.kt:49)
	at org.jetbrains.kotlin.ir.interpreter.checker.EvaluationMode.isMarkedWith(EvaluationMode.kt:50)
	at org.jetbrains.kotlin.ir.interpreter.checker.EvaluationMode.isMarkedAsIntrinsicConstEvaluation(EvaluationMode.kt:45)
	at org.jetbrains.kotlin.ir.interpreter.checker.EvaluationMode$OnlyIntrinsicConst.isCompileTimePropertyAccessor(EvaluationMode.kt:149)
	at org.jetbrains.kotlin.ir.interpreter.checker.EvaluationMode$OnlyIntrinsicConst.canEvaluateFunction(EvaluationMode.kt:139)
	at org.jetbrains.kotlin.ir.interpreter.checker.IrInterpreterCommonChecker.visitCall(IrInterpreterCommonChecker.kt:66)
	at org.jetbrains.kotlin.ir.interpreter.checker.IrInterpreterCommonChecker.visitCall(IrInterpreterCommonChecker.kt:24)
	at org.jetbrains.kotlin.ir.expressions.IrCall.accept(IrCall.kt:24)
	at org.jetbrains.kotlin.ir.interpreter.transformer.IrConstTransformer.canBeInterpreted(IrConstTransformer.kt:126)
	... 166 more
Caused by: java.nio.file.NoSuchFileException: E:\hushaokang\Data-code\Love\app\build\tmp\kotlin-classes\debug\com\empathy\ai\data\local\entity\ContactProfileEntity.class
	at java.base/sun.nio.fs.WindowsException.translateToIOException(WindowsException.java:85)
	at java.base/sun.nio.fs.WindowsException.rethrowAsIOException(WindowsException.java:103)
	at java.base/sun.nio.fs.WindowsException.rethrowAsIOException(WindowsException.java:108)
	at java.base/sun.nio.fs.WindowsFileSystemProvider.newByteChannel(WindowsFileSystemProvider.java:236)
	at java.base/java.nio.file.Files.newByteChannel(Files.java:380)
	at java.base/java.nio.file.Files.newByteChannel(Files.java:432)
	at java.base/java.nio.file.Files.readAllBytes(Files.java:3288)
	at org.jetbrains.kotlin.com.intellij.openapi.vfs.local.CoreLocalVirtualFile.contentsToByteArray(CoreLocalVirtualFile.java:148)
	at org.jetbrains.kotlin.com.intellij.openapi.vfs.VirtualFile.contentsToByteArray(VirtualFile.java:627)
	at org.jetbrains.kotlin.load.kotlin.VirtualFileKotlinClass$Factory.create$lambda$3(VirtualFileKotlinClass.kt:55)
	... 241 more


error message: Daemon compilation failed: null
java.lang.Exception
	at org.jetbrains.kotlin.daemon.common.CompileService$CallResult$Error.get(CompileService.kt:69)
	at org.jetbrains.kotlin.daemon.common.CompileService$CallResult$Error.get(CompileService.kt:65)
	at org.jetbrains.kotlin.compilerRunner.GradleKotlinCompilerWork.compileWithDaemon(GradleKotlinCompilerWork.kt:240)
	at org.jetbrains.kotlin.compilerRunner.GradleKotlinCompilerWork.compileWithDaemonOrFallbackImpl(GradleKotlinCompilerWork.kt:159)
	at org.jetbrains.kotlin.compilerRunner.GradleKotlinCompilerWork.run(GradleKotlinCompilerWork.kt:111)
	at org.jetbrains.kotlin.compilerRunner.GradleCompilerRunnerWithWorkers$GradleKotlinCompilerWorkAction.execute(GradleCompilerRunnerWithWorkers.kt:76)
	at org.gradle.workers.internal.DefaultWorkerServer.execute(DefaultWorkerServer.java:63)
	at org.gradle.workers.internal.NoIsolationWorkerFactory$1$1.create(NoIsolationWorkerFactory.java:66)
	at org.gradle.workers.internal.NoIsolationWorkerFactory$1$1.create(NoIsolationWorkerFactory.java:62)
	at org.gradle.internal.classloader.ClassLoaderUtils.executeInClassloader(ClassLoaderUtils.java:100)
	at org.gradle.workers.internal.NoIsolationWorkerFactory$1.lambda$execute$0(NoIsolationWorkerFactory.java:62)
	at org.gradle.workers.internal.AbstractWorker$1.call(AbstractWorker.java:44)
	at org.gradle.workers.internal.AbstractWorker$1.call(AbstractWorker.java:41)
	at org.gradle.internal.operations.DefaultBuildOperationRunner$CallableBuildOperationWorker.execute(DefaultBuildOperationRunner.java:210)
	at org.gradle.internal.operations.DefaultBuildOperationRunner$CallableBuildOperationWorker.execute(DefaultBuildOperationRunner.java:205)
	at org.gradle.internal.operations.DefaultBuildOperationRunner$2.execute(DefaultBuildOperationRunner.java:67)
	at org.gradle.internal.operations.DefaultBuildOperationRunner$2.execute(DefaultBuildOperationRunner.java:60)
	at org.gradle.internal.operations.DefaultBuildOperationRunner.execute(DefaultBuildOperationRunner.java:167)
	at org.gradle.internal.operations.DefaultBuildOperationRunner.execute(DefaultBuildOperationRunner.java:60)
	at org.gradle.internal.operations.DefaultBuildOperationRunner.call(DefaultBuildOperationRunner.java:54)
	at org.gradle.workers.internal.AbstractWorker.executeWrappedInBuildOperation(AbstractWorker.java:41)
	at org.gradle.workers.internal.NoIsolationWorkerFactory$1.execute(NoIsolationWorkerFactory.java:59)
	at org.gradle.workers.internal.DefaultWorkerExecutor.lambda$submitWork$0(DefaultWorkerExecutor.java:174)
	at java.base/java.util.concurrent.FutureTask.run(FutureTask.java:264)
	at org.gradle.internal.work.DefaultConditionalExecutionQueue$ExecutionRunner.runExecution(DefaultConditionalExecutionQueue.java:194)
	at org.gradle.internal.work.DefaultConditionalExecutionQueue$ExecutionRunner.access$700(DefaultConditionalExecutionQueue.java:127)
	at org.gradle.internal.work.DefaultConditionalExecutionQueue$ExecutionRunner$1.run(DefaultConditionalExecutionQueue.java:169)
	at org.gradle.internal.Factories$1.create(Factories.java:31)
	at org.gradle.internal.work.DefaultWorkerLeaseService.withLocks(DefaultWorkerLeaseService.java:263)
	at org.gradle.internal.work.DefaultWorkerLeaseService.runAsWorkerThread(DefaultWorkerLeaseService.java:127)
	at org.gradle.internal.work.DefaultWorkerLeaseService.runAsWorkerThread(DefaultWorkerLeaseService.java:132)
	at org.gradle.internal.work.DefaultConditionalExecutionQueue$ExecutionRunner.runBatch(DefaultConditionalExecutionQueue.java:164)
	at org.gradle.internal.work.DefaultConditionalExecutionQueue$ExecutionRunner.run(DefaultConditionalExecutionQueue.java:133)
	at java.base/java.util.concurrent.Executors$RunnableAdapter.call(Executors.java:539)
	at java.base/java.util.concurrent.FutureTask.run(FutureTask.java:264)
	at org.gradle.internal.concurrent.ExecutorPolicy$CatchAndRecordFailures.onExecute(ExecutorPolicy.java:64)
	at org.gradle.internal.concurrent.AbstractManagedExecutor$1.run(AbstractManagedExecutor.java:48)
	at java.base/java.util.concurrent.ThreadPoolExecutor.runWorker(ThreadPoolExecutor.java:1136)
	at java.base/java.util.concurrent.ThreadPoolExecutor$Worker.run(ThreadPoolExecutor.java:635)
	at java.base/java.lang.Thread.run(Thread.java:833)
Caused by: java.nio.file.NoSuchFileException: C:\Users\PLA30\AppData\Local\Temp\kotlin-backups4451790117392341559\10.backup -> E:\hushaokang\Data-code\Love\app\build\tmp\kotlin-classes\debug\com\empathy\ai\presentation\ui\screen\prompt\PromptEditorScreenKt$PromptEditorScreen$1$1$1.class
	at java.base/sun.nio.fs.WindowsException.translateToIOException(WindowsException.java:85)
	at java.base/sun.nio.fs.WindowsException.rethrowAsIOException(WindowsException.java:103)
	at java.base/sun.nio.fs.WindowsFileCopy.move(WindowsFileCopy.java:403)
	at java.base/sun.nio.fs.WindowsFileSystemProvider.move(WindowsFileSystemProvider.java:293)
	at java.base/java.nio.file.Files.move(Files.java:1432)
	at org.jetbrains.kotlin.incremental.RecoverableCompilationTransaction.revertChanges(CompilationTransaction.kt:231)
	at org.jetbrains.kotlin.incremental.RecoverableCompilationTransaction.close(CompilationTransaction.kt:256)
	at org.jetbrains.kotlin.incremental.IncrementalCompilerRunner.tryCompileIncrementally(IncrementalCompilerRunner.kt:747)
	at org.jetbrains.kotlin.incremental.IncrementalCompilerRunner.compile(IncrementalCompilerRunner.kt:120)
	at org.jetbrains.kotlin.daemon.CompileServiceImplBase.execIncrementalCompiler(CompileServiceImpl.kt:675)
	at org.jetbrains.kotlin.daemon.CompileServiceImplBase.access$execIncrementalCompiler(CompileServiceImpl.kt:92)
	at org.jetbrains.kotlin.daemon.CompileServiceImpl.compile(CompileServiceImpl.kt:1660)
	at java.base/jdk.internal.reflect.NativeMethodAccessorImpl.invoke0(Native Method)
	at java.base/jdk.internal.reflect.NativeMethodAccessorImpl.invoke(NativeMethodAccessorImpl.java:77)
	at java.base/jdk.internal.reflect.DelegatingMethodAccessorImpl.invoke(DelegatingMethodAccessorImpl.java:43)
	at java.base/java.lang.reflect.Method.invoke(Method.java:568)
	at java.rmi/sun.rmi.server.UnicastServerRef.dispatch(UnicastServerRef.java:360)
	at java.rmi/sun.rmi.transport.Transport$1.run(Transport.java:200)
	at java.rmi/sun.rmi.transport.Transport$1.run(Transport.java:197)
	at java.base/java.security.AccessController.doPrivileged(AccessController.java:712)
	at java.rmi/sun.rmi.transport.Transport.serviceCall(Transport.java:196)
	at java.rmi/sun.rmi.transport.tcp.TCPTransport.handleMessages(TCPTransport.java:587)
	at java.rmi/sun.rmi.transport.tcp.TCPTransport$ConnectionHandler.run0(TCPTransport.java:828)
	at java.rmi/sun.rmi.transport.tcp.TCPTransport$ConnectionHandler.lambda$run$0(TCPTransport.java:705)
	at java.base/java.security.AccessController.doPrivileged(AccessController.java:399)
	at java.rmi/sun.rmi.transport.tcp.TCPTransport$ConnectionHandler.run(TCPTransport.java:704)
	... 3 more


